<?xml version="1.0" encoding="UTF-8"?>
<!-- Generated by org.testng.reporters.JUnitReportReporter -->
<testsuite hostname="LAPTOP-VFJTKINN" failures="0" tests="1" name="org.rahulshettyacademy.DemoTest" time="10.460" errors="0" timestamp="2021-12-23T13:34:11 COT" skipped="0">
  <testcase classname="org.rahulshettyacademy.DemoTest" name="flightTest" time="10.460"/>
  <system-out/>
</testsuite> <!-- org.rahulshettyacademy.DemoTest -->
